N_walkers = 200
N_cull = 16
N_steps_per_walker = 2000
eps = 1.0e-8
0.8471324967203783 756.1556031201242 
0.7796990641456218 746.2165991217629 
0.7176334669997017 741.4611740479129 
0.6605084149002229 738.789380729633 
0.6079306306295584 735.8222111826308 
0.5595381426192454 732.6991675023409 
0.514997792958012 730.1337468942327 
0.47400294376732444 727.7920069154295 
0.4362713661540051 725.8749381659161 
0.4015432972064226 722.431092791533 
0.36957965165765266 720.5149364268674 
0.34016037590380965 718.4964683430168 
0.313082933045795 715.8144682874652 
0.2881609085247367 713.826674845509 
0.26522272675162334 710.2655505940005 
0.24411046989577273 707.6788095816528 
0.22467879070008934 706.3006143181855 
0.2067939118383907 704.5023932593336 
0.19033270492588197 702.2774930074335 
0.17518184284222968 700.4058831672561 
0.16123701953140543 697.3346986077578 
0.14840223190701496 696.2604422920698 
0.13658911891939188 693.6991877174388 
0.12571635323426616 691.482243979276 
0.1157090813350211 689.1172149180586 
0.10649840819392489 686.9960854702089 
0.09802092296455774 685.2949373716791 
0.09021826243006559 683.6223149670724 
0.08303670920180166 681.4082451588768 
0.07642682190215576 678.6068265102048 
0.07034309478556625 676.6546267300066 
0.0647436444543769 673.9985977346894 
0.059589921512734956 672.4094041513215 
0.05484644517341278 669.1250707234601 
0.05048055899045455 665.9820847818746 
0.0464622060359905 664.7437814519607 
0.042763721973424096 662.7524213664154 
0.039359644602405264 659.9589672470713 
0.03622653856440285 658.0147371242867 
0.03334283400206233 656.2430947144644 
0.03068867806159966 654.5806620509145 
0.028245798215900186 652.6902732085822 
0.025997376467370818 649.5664888806817 
0.02392793356449553 648.5494428690295 
0.022023222434983447 646.8242040260192 
0.02027013010185044 645.7106413444548 
0.018656587407175778 643.4933756912628 
0.017171485922027458 641.8067867587781 
0.015804601470522785 639.238959212099 
0.014546523741525947 637.3511054288596 
0.013388591503394527 635.3086008386834 
0.012322832975761134 634.0917216442812 
0.011341910947839848 633.2369352750313 
0.010439072265424737 630.7516400932011 
0.009608101338823763 629.80570829297 
0.008843277351653713 628.2143259172262 
0.008139334875900184 625.2974843299555 
0.007491427622097185 623.0995500915998 
0.006895095075064573 620.9870747701425 
0.006346231785507194 619.0189683547911 
0.005841059106063836 616.9034682170799 
0.005376099177222933 614.7188167128359 
0.004948150984011157 613.2841999261963 
0.004554268318617235 611.52052310663 
0.004191739497234769 609.1498522065644 
0.003858068691484737 607.6338277929867 
0.0035509587458939125 606.6441235730837 
0.0032682953631361883 604.5563231423841 
0.0030081325481601732 603.0783897137393 
0.0027686792109931947 601.0717017153448 
0.002548286835988761 599.5724019607065 
0.002345438132626472 597.9230715197461 
0.0021587365897308324 596.6693638077192 
0.0019868968611950447 595.1612361138741 
0.0018287359170203149 594.1453926259568 
0.0016831648987500412 592.1269822084964 
0.0015491816232276498 590.2798043473382 
0.001425863683070225 589.0053838245749 
0.0013123620963581674 586.4362535640566 
0.0012078954618221938 584.9546975806925 
0.001111744579289084 583.4320045897315 
0.0010232474983506495 581.5973369679407 
0.0009417949611685082 579.8744893637692 
0.0008668262080406668 578.8117018403909 
0.0007978251168533501 577.1653037977727 
0.0007343166498401481 575.7623857735834 
0.000675863583186206 574.8305557656421 
0.0006220634969624284 572.4256126220613 
0.0005725460046669118 571.2320195875598 
0.0005269702033003914 570.0172349814491 
0.0004850223264207583 566.9828695576182 
0.0004464135840191059 565.9812420405593 
0.0004108781743459433 564.7158731574549 
0.00037817145399999754 563.465470103034 
0.0003480682536815898 562.023613402254 
0.00032036132801539357 561.232770661718 
0.00029485992877038717 559.5377101177734 
0.00027138849165433645 558.5366083108536 
0.00024978542764205093 557.3597398999029 
0.00022990201051631556 556.0289967839618 
0.00021160135296277802 554.3685367338097 
0.00019475746416972107 552.767395964572 
0.00017925438244476816 551.7709336847632 
0.00016498537687702542 550.5501204547566 
0.00015185221254850599 549.0373671077011 
0.00013976447423618712 547.8992417759353 
0.00012863894394872941 546.8739973843983 
0.00011839902801251217 546.3968533851898 
0.00010897422976275996 545.7399184346708 
0.00010029966420950544 543.6629180831804 
9.2315611337107e-5 542.6931396804672 
8.496710496201391e-5 541.8877388653399 
7.820355431827151e-5 540.2801530615442 
7.197839576557328e-5 539.0455345947158 
6.624877222204506e-5 537.2384154892782 
6.0975238114817595e-5 536.1031366435016 
5.6121487817120676e-5 535.297875612227 
5.1654105702324996e-5 534.697148694406 
4.754233609417973e-5 533.5480667500865 
4.37578715294689e-5 532.6927433925746 
4.027465787538183e-5 532.132948538297 
3.706871495992855e-5 530.6091394501035 
3.411797148053125e-5 529.6962050229985 
3.140211305422031e-5 528.8070624015697 
2.89024423633371e-5 527.8844588254333 
2.6601750433917232e-5 526.689387881281 
2.448419816057059e-5 525.5661466452551 
2.253520726221671e-5 524.6170633747208 
2.0741359917960656e-5 523.0758530000917 
1.909030639215284e-5 522.4920466705944 
1.757068001267799e-5 521.4122449463711 
1.6172018917141434e-5 521.0838470748297 
1.4884694028214754e-5 520.0698516405675 
1.3699842762287212e-5 518.8808680444312 
1.260930801504047e-5 518.0101129321156 
1.1605582003892969e-5 517.0729680819019 
1.0681754580697509e-5 516.046238977022 
9.83146565885094e-6 514.7236161743375 
9.048861427300618e-6 514.1051979065965 
8.328554050003056e-6 513.2599936399798 
7.665584573385899e-6 512.4954091564454 
7.055388786449708e-6 511.27852852120844 
6.493765798473612e-6 510.98906699586087 
5.976849117998101e-6 510.11059149403195 
5.5010800339783515e-6 509.0838589467157 
5.063183115850722e-6 508.2320627925356 
4.660143663842704e-6 506.89624784389724 
4.289186954283086e-6 506.5088250003013 
3.947759137026721e-6 505.52014432937443 
3.6335096534823054e-6 504.84783686574497 
3.344275054200132e-6 504.1107857381648 
3.078064104612062e-6 503.16535915084796 
2.833044076384236e-6 502.3699169944554 
2.6075281300053916e-6 502.02261108744744 
2.399963701746256e-6 501.08448904421266 
2.2089218150400864e-6 500.41946919592414 
2.033087242698587e-6 499.61610220713453 
1.871249452235018e-6 499.09087112923504 
1.7222942719576037e-6 498.48864122137695 
1.585196220458491e-6 498.1516359426675 
1.4590114466906511e-6 497.40755469346647 
1.3428712320287086e-6 496.61975651482425 
1.2359760095786622e-6 496.07716454990634 
1.1375898595624503e-6 495.3900845627324 
1.0470354428808623e-6 494.85889928866396 
9.63689337974923e-7 494.30653483493535 
8.869777488823919e-7 493.59263517197724 
8.16372554941505e-7 493.1917054176391 
7.513876749461613e-7 492.6577696521823 
6.915757207215913e-7 492.22634766054324 
6.365249170820616e-7 491.44703507880484 
5.858562669660767e-7 490.94737438166675 
5.392209422324587e-7 490.42656344517764 
4.96297882154253e-7 489.6999451367841 
4.5679158307729755e-7 489.0840292692536 
4.2043006402636843e-7 488.6628959663952 
3.869629942531252e-7 488.00506805077134 
3.56159969834966e-7 487.5312452109293 
3.2780892746004333e-7 487.01889031551457 
3.017146844781493e-7 486.42348233620953 
2.7769759516645586e-7 485.9069941280724 
2.555923139591758e-7 485.3521126182035 
2.352466571266046e-7 484.9921531737738 
2.1652055506677538e-7 484.63160882985795 
1.9928508799678332e-7 483.9701977548821 
1.8342159840499958e-7 483.35532366824316 
1.6882087415385535e-7 482.55129733848986 
1.5538239660926983e-7 481.9519964900044 
1.4301364862047226e-7 481.46894210421016 
1.316294775860068e-7 480.8570192589291 
1.2115150922095153e-7 480.4300499862601 
1.1150760798943301e-7 479.9138267246463 
1.0263138048778661e-7 479.2358661045916 
9.446171835940558e-8 478.8211447053331 
8.694237759447778e-8 478.1074182264583 
8.002159131830045e-8 477.2053972736619 
7.365171340241583e-8 476.6390585630962 
6.77888904450096e-8 475.74818487461556 
6.239275986232227e-8 475.1943143265325 
5.742617201258518e-8 474.6492499051111 
5.285493443944407e-8 474.12912399556035 
4.864757647411519e-8 473.5923498147799 
4.4775132575678165e-8 473.11654975245864 
4.1210942917912736e-8 472.623544392068 
3.7930469849820185e-8 472.3168626864668 
3.4911128966252406e-8 471.72211319321127 
3.21321336256552e-8 471.2725081862714 
2.957435184450852e-8 470.8923091338693 
2.7220174583254113e-8 470.43270425480836 
2.5053394516925427e-8 469.9384897888638 
2.3059094455876638e-8 469.61515314199914 
2.1223544648443673e-8 469.0968957208458 
1.953410825851781e-8 468.6522603118643 
1.7979154367292512e-8 467.9021636958489 
1.654797790024435e-8 467.49414494206354 
1.5230725928085597e-8 467.100977172193 
1.401832983430764e-8 466.76061294461795 
1.2902442882322953e-8 466.17750568268815 
1.1875382752386797e-8 465.7175397398533 
1.0930078652694316e-8 465.38691921598934 
1.0060022640539545e-8 464.9511635532498 
9.259224818407044e-9 464.459522098945 
